{"/Users/yuchen/Projects/yci/paginator/src/component.ts": {"path":"/Users/yuchen/Projects/yci/paginator/src/component.ts","statementMap":{"0":{"start":{"line":1,"column":0},"end":{"line":1,"column":78}},"1":{"start":{"line":2,"column":0},"end":{"line":2,"column":46}},"2":{"start":{"line":4,"column":0},"end":{"line":4,"column":31}},"3":{"start":{"line":5,"column":0},"end":{"line":5,"column":37}},"4":{"start":{"line":20,"column":12},"end":{"line":null,"column":-1}},"5":{"start":{"line":12,"column":2},"end":{"line":12,"column":17}},"6":{"start":{"line":17,"column":12},"end":{"line":17,"column":66}},"7":{"start":{"line":18,"column":12},"end":{"line":18,"column":58}},"8":{"start":{"line":24,"column":4},"end":{"line":24,"column":16}},"9":{"start":{"line":25,"column":4},"end":{"line":26,"column":6}},"10":{"start":{"line":26,"column":6},"end":{"line":26,"column":10}},"11":{"start":{"line":30,"column":10},"end":{"line":34,"column":7}},"12":{"start":{"line":33,"column":16},"end":{"line":33,"column":20}},"13":{"start":{"line":36,"column":4},"end":{"line":36,"column":22}},"14":{"start":{"line":37,"column":4},"end":{"line":37,"column":22}},"15":{"start":{"line":38,"column":10},"end":{"line":38,"column":17}},"16":{"start":{"line":40,"column":4},"end":{"line":40,"column":14}},"17":{"start":{"line":41,"column":4},"end":{"line":41,"column":9}},"18":{"start":{"line":42,"column":4},"end":{"line":42,"column":21}},"19":{"start":{"line":44,"column":4},"end":{"line":49,"column":5}},"20":{"start":{"line":45,"column":6},"end":{"line":45,"column":21}},"21":{"start":{"line":46,"column":6},"end":{"line":48,"column":7}},"22":{"start":{"line":47,"column":8},"end":{"line":47,"column":30}},"23":{"start":{"line":51,"column":4},"end":{"line":51,"column":16}},"24":{"start":{"line":55,"column":4},"end":{"line":55,"column":16}},"25":{"start":{"line":56,"column":4},"end":{"line":56,"column":17}},"26":{"start":{"line":57,"column":4},"end":{"line":57,"column":17}},"27":{"start":{"line":61,"column":4},"end":{"line":61,"column":9}},"28":{"start":{"line":62,"column":4},"end":{"line":62,"column":15}},"29":{"start":{"line":63,"column":4},"end":{"line":64,"column":6}},"30":{"start":{"line":64,"column":6},"end":{"line":64,"column":15}},"31":{"start":{"line":68,"column":8},"end":{"line":68,"column":22}},"32":{"start":{"line":69,"column":8},"end":{"line":69,"column":22}},"33":{"start":{"line":70,"column":4},"end":{"line":72,"column":5}},"34":{"start":{"line":71,"column":6},"end":{"line":71,"column":51}},"35":{"start":{"line":73,"column":4},"end":{"line":75,"column":5}},"36":{"start":{"line":74,"column":6},"end":{"line":74,"column":54}},"37":{"start":{"line":76,"column":4},"end":{"line":76,"column":24}},"38":{"start":{"line":77,"column":4},"end":{"line":77,"column":103}},"39":{"start":{"line":81,"column":8},"end":{"line":81,"column":18}},"40":{"start":{"line":82,"column":4},"end":{"line":88,"column":5}},"41":{"start":{"line":83,"column":12},"end":{"line":83,"column":19}},"42":{"start":{"line":84,"column":6},"end":{"line":87,"column":8}},"43":{"start":{"line":85,"column":8},"end":{"line":85,"column":16}},"44":{"start":{"line":87,"column":8},"end":{"line":87,"column":12}},"45":{"start":{"line":89,"column":4},"end":{"line":89,"column":35}},"46":{"start":{"line":16,"column":11},"end":{"line":16,"column":35}},"47":{"start":{"line":17,"column":12},"end":{"line":17,"column":84}},"48":{"start":{"line":18,"column":12},"end":{"line":18,"column":67}},"49":{"start":{"line":11,"column":13},"end":{"line":null,"column":-1}},"50":{"start":{"line":11,"column":13},"end":{"line":11,"column":22}}},"fnMap":{"0":{"name":"(anonymous_8)","decl":{"start":{"line":19,"column":2},"end":{"line":20,"column":11}},"loc":{"start":{"line":20,"column":12},"end":{"line":21,"column":7}}},"1":{"name":"(anonymous_9)","decl":{"start":{"line":23,"column":2},"end":{"line":null,"column":-1}},"loc":{"start":{"line":23,"column":2},"end":{"line":27,"column":3}}},"2":{"name":"(anonymous_10)","decl":{"start":{"line":29,"column":8},"end":{"line":29,"column":12}},"loc":{"start":{"line":29,"column":13},"end":{"line":52,"column":3}}},"3":{"name":"(anonymous_12)","decl":{"start":{"line":33,"column":16},"end":{"line":33,"column":20}},"loc":{"start":{"line":33,"column":16},"end":{"line":33,"column":20}}},"4":{"name":"(anonymous_13)","decl":{"start":{"line":54,"column":2},"end":{"line":null,"column":-1}},"loc":{"start":{"line":54,"column":2},"end":{"line":58,"column":3}}},"5":{"name":"(anonymous_14)","decl":{"start":{"line":60,"column":8},"end":{"line":60,"column":15}},"loc":{"start":{"line":60,"column":16},"end":{"line":65,"column":3}}},"6":{"name":"(anonymous_16)","decl":{"start":{"line":67,"column":10},"end":{"line":null,"column":-1}},"loc":{"start":{"line":67,"column":10},"end":{"line":78,"column":3}}},"7":{"name":"(anonymous_17)","decl":{"start":{"line":80,"column":10},"end":{"line":80,"column":14}},"loc":{"start":{"line":80,"column":15},"end":{"line":90,"column":3}}},"8":{"name":"(anonymous_18)","decl":{"start":{"line":83,"column":12},"end":{"line":83,"column":19}},"loc":{"start":{"line":83,"column":12},"end":{"line":83,"column":19}}}},"branchMap":{"0":{"loc":{"start":{"line":25,"column":4},"end":{"line":26,"column":6}},"type":"if","locations":[{"start":{"line":25,"column":4},"end":{"line":26,"column":6}},{"start":{"line":25,"column":4},"end":{"line":26,"column":6}}]},"1":{"loc":{"start":{"line":44,"column":4},"end":{"line":49,"column":5}},"type":"if","locations":[{"start":{"line":44,"column":4},"end":{"line":49,"column":5}},{"start":{"line":44,"column":4},"end":{"line":49,"column":5}}]},"2":{"loc":{"start":{"line":46,"column":6},"end":{"line":48,"column":7}},"type":"if","locations":[{"start":{"line":46,"column":6},"end":{"line":48,"column":7}},{"start":{"line":46,"column":6},"end":{"line":48,"column":7}}]},"3":{"loc":{"start":{"line":63,"column":4},"end":{"line":64,"column":6}},"type":"if","locations":[{"start":{"line":63,"column":4},"end":{"line":64,"column":6}},{"start":{"line":63,"column":4},"end":{"line":64,"column":6}}]},"4":{"loc":{"start":{"line":70,"column":4},"end":{"line":72,"column":5}},"type":"if","locations":[{"start":{"line":70,"column":4},"end":{"line":72,"column":5}},{"start":{"line":70,"column":4},"end":{"line":72,"column":5}}]},"5":{"loc":{"start":{"line":73,"column":4},"end":{"line":75,"column":5}},"type":"if","locations":[{"start":{"line":73,"column":4},"end":{"line":75,"column":5}},{"start":{"line":73,"column":4},"end":{"line":75,"column":5}}]},"6":{"loc":{"start":{"line":84,"column":6},"end":{"line":87,"column":8}},"type":"if","locations":[{"start":{"line":84,"column":6},"end":{"line":87,"column":8}},{"start":{"line":84,"column":6},"end":{"line":87,"column":8}}]}},"s":{"0":1,"1":1,"2":1,"3":1,"4":8,"5":8,"6":8,"7":8,"8":7,"9":7,"10":1,"11":13,"12":13,"13":13,"14":13,"15":13,"16":13,"17":13,"18":13,"19":13,"20":3,"21":3,"22":1,"23":13,"24":2,"25":2,"26":2,"27":2,"28":2,"29":2,"30":1,"31":13,"32":13,"33":13,"34":1,"35":13,"36":1,"37":13,"38":13,"39":13,"40":13,"41":626,"42":116,"43":115,"44":1,"45":13,"46":1,"47":1,"48":1,"49":1,"50":1},"f":{"0":8,"1":7,"2":13,"3":13,"4":2,"5":2,"6":13,"7":13,"8":510},"b":{"0":[1,6],"1":[3,10],"2":[1,2],"3":[1,1],"4":[1,12],"5":[1,12],"6":[115,1]}}
,"/Users/yuchen/Projects/yci/paginator/src/index.ts": {"path":"/Users/yuchen/Projects/yci/paginator/src/index.ts","statementMap":{"0":{"start":{"line":1,"column":0},"end":{"line":1,"column":85}},"1":{"start":{"line":2,"column":0},"end":{"line":2,"column":42}},"2":{"start":{"line":3,"column":0},"end":{"line":3,"column":46}},"3":{"start":{"line":4,"column":0},"end":{"line":4,"column":39}},"4":{"start":{"line":6,"column":0},"end":{"line":6,"column":28}},"5":{"start":{"line":23,"column":13},"end":{"line":null,"column":-1}},"6":{"start":{"line":23,"column":13},"end":{"line":23,"column":28}}},"fnMap":{"0":{"name":"(anonymous_2)","decl":{"start":{"line":24,"column":2},"end":{"line":24,"column":8}},"loc":{"start":{"line":24,"column":9},"end":{"line":29,"column":3}}}},"branchMap":{},"s":{"0":1,"1":1,"2":1,"3":1,"4":1,"5":1,"6":1},"f":{"0":8},"b":{}}
}
