TN:
SF:/Users/yuchen/Projects/yci/paginator/src/component.ts
FN:19,(anonymous_8)
FN:23,(anonymous_9)
FN:29,(anonymous_10)
FN:33,(anonymous_12)
FN:54,(anonymous_13)
FN:60,(anonymous_14)
FN:67,(anonymous_16)
FN:80,(anonymous_17)
FN:83,(anonymous_18)
FNF:9
FNH:9
FNDA:8,(anonymous_8)
FNDA:7,(anonymous_9)
FNDA:13,(anonymous_10)
FNDA:13,(anonymous_12)
FNDA:2,(anonymous_13)
FNDA:2,(anonymous_14)
FNDA:13,(anonymous_16)
FNDA:13,(anonymous_17)
FNDA:510,(anonymous_18)
DA:1,1
DA:2,1
DA:4,1
DA:5,1
DA:11,1
DA:12,8
DA:16,1
DA:17,8
DA:18,8
DA:20,8
DA:24,7
DA:25,7
DA:26,1
DA:30,13
DA:33,13
DA:36,13
DA:37,13
DA:38,13
DA:40,13
DA:41,13
DA:42,13
DA:44,13
DA:45,3
DA:46,3
DA:47,1
DA:51,13
DA:55,2
DA:56,2
DA:57,2
DA:61,2
DA:62,2
DA:63,2
DA:64,1
DA:68,13
DA:69,13
DA:70,13
DA:71,1
DA:73,13
DA:74,1
DA:76,13
DA:77,13
DA:81,13
DA:82,13
DA:83,626
DA:84,116
DA:85,115
DA:87,1
DA:89,13
LF:48
LH:48
BRDA:25,0,0,1
BRDA:25,0,1,6
BRDA:44,1,0,3
BRDA:44,1,1,10
BRDA:46,2,0,1
BRDA:46,2,1,2
BRDA:63,3,0,1
BRDA:63,3,1,1
BRDA:70,4,0,1
BRDA:70,4,1,12
BRDA:73,5,0,1
BRDA:73,5,1,12
BRDA:84,6,0,115
BRDA:84,6,1,1
BRF:14
BRH:14
end_of_record
TN:
SF:/Users/yuchen/Projects/yci/paginator/src/index.ts
FN:24,(anonymous_2)
FNF:1
FNH:1
FNDA:8,(anonymous_2)
DA:1,1
DA:2,1
DA:3,1
DA:4,1
DA:6,1
DA:23,1
LF:6
LH:6
BRF:0
BRH:0
end_of_record
